<?xml version="1.0" encoding="UTF-8"?>
<Site BuildName="(empty)"
	BuildStamp="20231127-0225-Experimental"
	Name="fyx"
	Generator="ctest-3.19.2"
	CompilerName="/usr/bin/c++"
	CompilerVersion="7.5.0"
	OSName="Linux"
	Hostname="fyx"
	OSRelease="5.4.0-152-generic"
	OSVersion="#169~18.04.1-Ubuntu SMP Wed Jun 7 22:22:24 UTC 2023"
	OSPlatform="x86_64"
	Is64Bits="1"
	VendorString="GenuineIntel"
	VendorID="Intel Corporation"
	FamilyID="6"
	ModelID="158"
	ProcessorCacheSize="12288"
	NumberOfLogicalCPU="12"
	NumberOfPhysicalCPU="6"
	TotalVirtualMemory="7815"
	TotalPhysicalMemory="15874"
	LogicalProcessorsPerPhysical="2"
	ProcessorClockFrequency="2598.72"
	>
	<Testing>
		<StartDateTime>Nov 27 10:25 CST</StartDateTime>
		<StartTestTime>1701051953</StartTestTime>
		<TestList/>
		<EndDateTime>Nov 27 10:25 CST</EndDateTime>
		<EndTestTime>1701051953</EndTestTime>
		<ElapsedMinutes>0</ElapsedMinutes>
	</Testing>
</Site>
